The target system is: Generic -  - arm
The host system is: Linux - 5.4.0-66-generic - x86_64
Compiling the C compiler identification source file "CMakeCCompilerId.c" succeeded.
Compiler: /usr/local/gcc-arm-none-eabi/bin/arm-none-eabi-gcc 
Build flags: -mthumb;-mcpu=cortex-m4;-mfloat-abi=hard;-mfpu=fpv4-sp-d16;;;;;;;;;;;;;;;;;;;;;-fsingle-precision-constant;-fno-builtin;-ffunction-sections;-fdata-sections;-fomit-frame-pointer;;;;;;;;;;;;;;;;;;;;;-Wall;-Wextra;;;;;;;;;;;;;;;;;;;;;-DSTM32F407xx;-DUSE_HAL_DRIVER;-DARM_MATH_CM4;-std=c11;
Id flags: -c 

The output was:
0


Compilation of the C compiler identification source "CMakeCCompilerId.c" produced "CMakeCCompilerId.o"

The C compiler identification is GNU, found in "/home/miya/workspace/test6/build/CMakeFiles/3.16.3/CompilerIdC/CMakeCCompilerId.o"

Compiling the CXX compiler identification source file "CMakeCXXCompilerId.cpp" succeeded.
Compiler: /usr/local/gcc-arm-none-eabi/bin/arm-none-eabi-g++ 
Build flags: -mthumb;-mcpu=cortex-m4;-mfloat-abi=hard;-mfpu=fpv4-sp-d16;;;;;;;;;;;;;;;;;;;;;-fsingle-precision-constant;-fno-builtin;-ffunction-sections;-fdata-sections;-fomit-frame-pointer;;;;;;;;;;;;;;;;;;;;;-Wall;-Wextra;;;;;;;;;;;;;;;;;;;;;-DSTM32F407xx;-DUSE_HAL_DRIVER;-DARM_MATH_CM4;-std=c++14;-fno-use-cxa-atexit;-fno-exceptions;-fno-rtti
Id flags: -c 

The output was:
0


Compilation of the CXX compiler identification source "CMakeCXXCompilerId.cpp" produced "CMakeCXXCompilerId.o"

The CXX compiler identification is GNU, found in "/home/miya/workspace/test6/build/CMakeFiles/3.16.3/CompilerIdCXX/CMakeCXXCompilerId.o"

Determining if the C compiler works passed with the following output:
Change Dir: /home/miya/workspace/test6/build/CMakeFiles/CMakeTmp

Run Build Command(s):/usr/bin/make cmTC_9dd5b/fast && /usr/bin/make -f CMakeFiles/cmTC_9dd5b.dir/build.make CMakeFiles/cmTC_9dd5b.dir/build
make[1]: Entering directory '/home/miya/workspace/test6/build/CMakeFiles/CMakeTmp'
Building C object CMakeFiles/cmTC_9dd5b.dir/testCCompiler.c.obj
/usr/local/gcc-arm-none-eabi/bin/arm-none-eabi-gcc   -mthumb -mcpu=cortex-m4 -mfloat-abi=hard -mfpu=fpv4-sp-d16                     -fsingle-precision-constant -fno-builtin -ffunction-sections -fdata-sections -fomit-frame-pointer                     -Wall -Wextra                     -DSTM32F407xx -DUSE_HAL_DRIVER -DARM_MATH_CM4 -std=c11     -o CMakeFiles/cmTC_9dd5b.dir/testCCompiler.c.obj   -c /home/miya/workspace/test6/build/CMakeFiles/CMakeTmp/testCCompiler.c
Linking C static library libcmTC_9dd5b.a
/usr/bin/cmake -P CMakeFiles/cmTC_9dd5b.dir/cmake_clean_target.cmake
/usr/bin/cmake -E cmake_link_script CMakeFiles/cmTC_9dd5b.dir/link.txt --verbose=1
/usr/local/gcc-arm-none-eabi/bin/arm-none-eabi-ar qc libcmTC_9dd5b.a  CMakeFiles/cmTC_9dd5b.dir/testCCompiler.c.obj
/usr/local/gcc-arm-none-eabi/bin/arm-none-eabi-ranlib libcmTC_9dd5b.a
make[1]: Leaving directory '/home/miya/workspace/test6/build/CMakeFiles/CMakeTmp'



Detecting C compiler ABI info compiled with the following output:
Change Dir: /home/miya/workspace/test6/build/CMakeFiles/CMakeTmp

Run Build Command(s):/usr/bin/make cmTC_1c6c4/fast && /usr/bin/make -f CMakeFiles/cmTC_1c6c4.dir/build.make CMakeFiles/cmTC_1c6c4.dir/build
make[1]: Entering directory '/home/miya/workspace/test6/build/CMakeFiles/CMakeTmp'
Building C object CMakeFiles/cmTC_1c6c4.dir/CMakeCCompilerABI.c.obj
/usr/local/gcc-arm-none-eabi/bin/arm-none-eabi-gcc   -mthumb -mcpu=cortex-m4 -mfloat-abi=hard -mfpu=fpv4-sp-d16                     -fsingle-precision-constant -fno-builtin -ffunction-sections -fdata-sections -fomit-frame-pointer                     -Wall -Wextra                     -DSTM32F407xx -DUSE_HAL_DRIVER -DARM_MATH_CM4 -std=c11     -v -o CMakeFiles/cmTC_1c6c4.dir/CMakeCCompilerABI.c.obj   -c /usr/share/cmake-3.16/Modules/CMakeCCompilerABI.c
Using built-in specs.
COLLECT_GCC=/usr/local/gcc-arm-none-eabi/bin/arm-none-eabi-gcc
Target: arm-none-eabi
Configured with: /mnt/workspace/workspace/GCC-10-pipeline/jenkins-GCC-10-pipeline-48_20201124_1606180641/src/gcc/configure --target=arm-none-eabi --prefix=/mnt/workspace/workspace/GCC-10-pipeline/jenkins-GCC-10-pipeline-48_20201124_1606180641/install-native --libexecdir=/mnt/workspace/workspace/GCC-10-pipeline/jenkins-GCC-10-pipeline-48_20201124_1606180641/install-native/lib --infodir=/mnt/workspace/workspace/GCC-10-pipeline/jenkins-GCC-10-pipeline-48_20201124_1606180641/install-native/share/doc/gcc-arm-none-eabi/info --mandir=/mnt/workspace/workspace/GCC-10-pipeline/jenkins-GCC-10-pipeline-48_20201124_1606180641/install-native/share/doc/gcc-arm-none-eabi/man --htmldir=/mnt/workspace/workspace/GCC-10-pipeline/jenkins-GCC-10-pipeline-48_20201124_1606180641/install-native/share/doc/gcc-arm-none-eabi/html --pdfdir=/mnt/workspace/workspace/GCC-10-pipeline/jenkins-GCC-10-pipeline-48_20201124_1606180641/install-native/share/doc/gcc-arm-none-eabi/pdf --enable-languages=c,c++ --enable-plugins --disable-decimal-float --disable-libffi --disable-libgomp --disable-libmudflap --disable-libquadmath --disable-libssp --disable-libstdcxx-pch --disable-nls --disable-shared --disable-threads --disable-tls --with-gnu-as --with-gnu-ld --with-newlib --with-headers=yes --with-python-dir=share/gcc-arm-none-eabi --with-sysroot=/mnt/workspace/workspace/GCC-10-pipeline/jenkins-GCC-10-pipeline-48_20201124_1606180641/install-native/arm-none-eabi --build=x86_64-linux-gnu --host=x86_64-linux-gnu --with-gmp=/mnt/workspace/workspace/GCC-10-pipeline/jenkins-GCC-10-pipeline-48_20201124_1606180641/build-native/host-libs/usr --with-mpfr=/mnt/workspace/workspace/GCC-10-pipeline/jenkins-GCC-10-pipeline-48_20201124_1606180641/build-native/host-libs/usr --with-mpc=/mnt/workspace/workspace/GCC-10-pipeline/jenkins-GCC-10-pipeline-48_20201124_1606180641/build-native/host-libs/usr --with-isl=/mnt/workspace/workspace/GCC-10-pipeline/jenkins-GCC-10-pipeline-48_20201124_1606180641/build-native/host-libs/usr --with-libelf=/mnt/workspace/workspace/GCC-10-pipeline/jenkins-GCC-10-pipeline-48_20201124_1606180641/build-native/host-libs/usr --with-host-libstdcxx='-static-libgcc -Wl,-Bstatic,-lstdc++,-Bdynamic -lm' --with-pkgversion='GNU Arm Embedded Toolchain 10-2020-q4-major' --with-multilib-list=rmprofile,aprofile
Thread model: single
Supported LTO compression algorithms: zlib
gcc version 10.2.1 20201103 (release) (GNU Arm Embedded Toolchain 10-2020-q4-major) 
COLLECT_GCC_OPTIONS='-mthumb' '-mcpu=cortex-m4' '-mfloat-abi=hard' '-mfpu=fpv4-sp-d16' '-fsingle-precision-constant' '-fno-builtin' '-ffunction-sections' '-fdata-sections' '-fomit-frame-pointer' '-Wall' '-Wextra' '-D' 'STM32F407xx' '-D' 'USE_HAL_DRIVER' '-D' 'ARM_MATH_CM4' '-std=c11' '-v' '-o' 'CMakeFiles/cmTC_1c6c4.dir/CMakeCCompilerABI.c.obj' '-c' '-march=armv7e-m+fp'
 /usr/local/gcc-arm-none-eabi/bin/../lib/gcc/arm-none-eabi/10.2.1/cc1 -quiet -v -imultilib thumb/v7e-m+fp/hard -iprefix /usr/local/gcc-arm-none-eabi/bin/../lib/gcc/arm-none-eabi/10.2.1/ -isysroot /usr/local/gcc-arm-none-eabi/bin/../arm-none-eabi -D__USES_INITFINI__ -D STM32F407xx -D USE_HAL_DRIVER -D ARM_MATH_CM4 /usr/share/cmake-3.16/Modules/CMakeCCompilerABI.c -quiet -dumpbase CMakeCCompilerABI.c -mthumb -mcpu=cortex-m4 -mfloat-abi=hard -mfpu=fpv4-sp-d16 -march=armv7e-m+fp -auxbase-strip CMakeFiles/cmTC_1c6c4.dir/CMakeCCompilerABI.c.obj -Wall -Wextra -std=c11 -version -fsingle-precision-constant -fno-builtin -ffunction-sections -fdata-sections -fomit-frame-pointer -o /tmp/ccJeyged.s
GNU C11 (GNU Arm Embedded Toolchain 10-2020-q4-major) version 10.2.1 20201103 (release) (arm-none-eabi)
	compiled by GNU C version 4.8.4, GMP version 6.1.0, MPFR version 3.1.4, MPC version 1.0.3, isl version isl-0.18-GMP

GGC heuristics: --param ggc-min-expand=100 --param ggc-min-heapsize=131072
ignoring duplicate directory "/usr/local/gcc-arm-none-eabi/bin/../lib/gcc/../../lib/gcc/arm-none-eabi/10.2.1/include"
ignoring nonexistent directory "/usr/local/gcc-arm-none-eabi/bin/../arm-none-eabi/usr/local/include"
ignoring duplicate directory "/usr/local/gcc-arm-none-eabi/bin/../lib/gcc/../../lib/gcc/arm-none-eabi/10.2.1/include-fixed"
ignoring duplicate directory "/usr/local/gcc-arm-none-eabi/bin/../lib/gcc/../../lib/gcc/arm-none-eabi/10.2.1/../../../../arm-none-eabi/include"
ignoring nonexistent directory "/usr/local/gcc-arm-none-eabi/bin/../arm-none-eabi/usr/include"
#include "..." search starts here:
#include <...> search starts here:
 /usr/local/gcc-arm-none-eabi/bin/../lib/gcc/arm-none-eabi/10.2.1/include
 /usr/local/gcc-arm-none-eabi/bin/../lib/gcc/arm-none-eabi/10.2.1/include-fixed
 /usr/local/gcc-arm-none-eabi/bin/../lib/gcc/arm-none-eabi/10.2.1/../../../../arm-none-eabi/include
End of search list.
GNU C11 (GNU Arm Embedded Toolchain 10-2020-q4-major) version 10.2.1 20201103 (release) (arm-none-eabi)
	compiled by GNU C version 4.8.4, GMP version 6.1.0, MPFR version 3.1.4, MPC version 1.0.3, isl version isl-0.18-GMP

GGC heuristics: --param ggc-min-expand=100 --param ggc-min-heapsize=131072
Compiler executable checksum: e9addb35ad3a920a846c18a834db924d
COLLECT_GCC_OPTIONS='-mthumb' '-mcpu=cortex-m4' '-mfloat-abi=hard' '-mfpu=fpv4-sp-d16' '-fsingle-precision-constant' '-fno-builtin' '-ffunction-sections' '-fdata-sections' '-fomit-frame-pointer' '-Wall' '-Wextra' '-D' 'STM32F407xx' '-D' 'USE_HAL_DRIVER' '-D' 'ARM_MATH_CM4' '-std=c11' '-v' '-o' 'CMakeFiles/cmTC_1c6c4.dir/CMakeCCompilerABI.c.obj' '-c' '-march=armv7e-m+fp'
 /usr/local/gcc-arm-none-eabi/bin/../lib/gcc/arm-none-eabi/10.2.1/../../../../arm-none-eabi/bin/as -v -march=armv7e-m -mfloat-abi=hard -mfpu=fpv4-sp-d16 -meabi=5 -o CMakeFiles/cmTC_1c6c4.dir/CMakeCCompilerABI.c.obj /tmp/ccJeyged.s
GNU assembler version 2.35.1 (arm-none-eabi) using BFD version (GNU Arm Embedded Toolchain 10-2020-q4-major) 2.35.1.20201028
COMPILER_PATH=/usr/local/gcc-arm-none-eabi/bin/../lib/gcc/arm-none-eabi/10.2.1/:/usr/local/gcc-arm-none-eabi/bin/../lib/gcc/:/usr/local/gcc-arm-none-eabi/bin/../lib/gcc/arm-none-eabi/10.2.1/../../../../arm-none-eabi/bin/
LIBRARY_PATH=/usr/local/gcc-arm-none-eabi/bin/../lib/gcc/arm-none-eabi/10.2.1/thumb/v7e-m+fp/hard/:/usr/local/gcc-arm-none-eabi/bin/../lib/gcc/arm-none-eabi/10.2.1/../../../../arm-none-eabi/lib/thumb/v7e-m+fp/hard/:/usr/local/gcc-arm-none-eabi/bin/../arm-none-eabi/lib/thumb/v7e-m+fp/hard/:/usr/local/gcc-arm-none-eabi/bin/../lib/gcc/arm-none-eabi/10.2.1/:/usr/local/gcc-arm-none-eabi/bin/../lib/gcc/:/usr/local/gcc-arm-none-eabi/bin/../lib/gcc/arm-none-eabi/10.2.1/../../../../arm-none-eabi/lib/:/usr/local/gcc-arm-none-eabi/bin/../arm-none-eabi/lib/
COLLECT_GCC_OPTIONS='-mthumb' '-mcpu=cortex-m4' '-mfloat-abi=hard' '-mfpu=fpv4-sp-d16' '-fsingle-precision-constant' '-fno-builtin' '-ffunction-sections' '-fdata-sections' '-fomit-frame-pointer' '-Wall' '-Wextra' '-D' 'STM32F407xx' '-D' 'USE_HAL_DRIVER' '-D' 'ARM_MATH_CM4' '-std=c11' '-v' '-o' 'CMakeFiles/cmTC_1c6c4.dir/CMakeCCompilerABI.c.obj' '-c' '-march=armv7e-m+fp'
Linking C static library libcmTC_1c6c4.a
/usr/bin/cmake -P CMakeFiles/cmTC_1c6c4.dir/cmake_clean_target.cmake
/usr/bin/cmake -E cmake_link_script CMakeFiles/cmTC_1c6c4.dir/link.txt --verbose=1
/usr/local/gcc-arm-none-eabi/bin/arm-none-eabi-ar qc libcmTC_1c6c4.a  CMakeFiles/cmTC_1c6c4.dir/CMakeCCompilerABI.c.obj
/usr/local/gcc-arm-none-eabi/bin/arm-none-eabi-ranlib libcmTC_1c6c4.a
make[1]: Leaving directory '/home/miya/workspace/test6/build/CMakeFiles/CMakeTmp'



Parsed C implicit include dir info from above output: rv=done
  found start of include info
  found start of implicit include info
    add: [/usr/local/gcc-arm-none-eabi/bin/../lib/gcc/arm-none-eabi/10.2.1/include]
    add: [/usr/local/gcc-arm-none-eabi/bin/../lib/gcc/arm-none-eabi/10.2.1/include-fixed]
    add: [/usr/local/gcc-arm-none-eabi/bin/../lib/gcc/arm-none-eabi/10.2.1/../../../../arm-none-eabi/include]
  end of search list found
  collapse include dir [/usr/local/gcc-arm-none-eabi/bin/../lib/gcc/arm-none-eabi/10.2.1/include] ==> [/usr/local/gcc-arm-none-eabi/lib/gcc/arm-none-eabi/10.2.1/include]
  collapse include dir [/usr/local/gcc-arm-none-eabi/bin/../lib/gcc/arm-none-eabi/10.2.1/include-fixed] ==> [/usr/local/gcc-arm-none-eabi/lib/gcc/arm-none-eabi/10.2.1/include-fixed]
  collapse include dir [/usr/local/gcc-arm-none-eabi/bin/../lib/gcc/arm-none-eabi/10.2.1/../../../../arm-none-eabi/include] ==> [/usr/local/gcc-arm-none-eabi/arm-none-eabi/include]
  implicit include dirs: [/usr/local/gcc-arm-none-eabi/lib/gcc/arm-none-eabi/10.2.1/include;/usr/local/gcc-arm-none-eabi/lib/gcc/arm-none-eabi/10.2.1/include-fixed;/usr/local/gcc-arm-none-eabi/arm-none-eabi/include]


Parsed C implicit link information from above output:
  link line regex: [^( *|.*[/\])(arm-none-eabi-ld|CMAKE_LINK_STARTFILE-NOTFOUND|([^/\]+-)?ld|collect2)[^/\]*( |$)]
  ignore line: [Change Dir: /home/miya/workspace/test6/build/CMakeFiles/CMakeTmp]
  ignore line: []
  ignore line: [Run Build Command(s):/usr/bin/make cmTC_1c6c4/fast && /usr/bin/make -f CMakeFiles/cmTC_1c6c4.dir/build.make CMakeFiles/cmTC_1c6c4.dir/build]
  ignore line: [make[1]: Entering directory '/home/miya/workspace/test6/build/CMakeFiles/CMakeTmp']
  ignore line: [Building C object CMakeFiles/cmTC_1c6c4.dir/CMakeCCompilerABI.c.obj]
  ignore line: [/usr/local/gcc-arm-none-eabi/bin/arm-none-eabi-gcc   -mthumb -mcpu=cortex-m4 -mfloat-abi=hard -mfpu=fpv4-sp-d16                     -fsingle-precision-constant -fno-builtin -ffunction-sections -fdata-sections -fomit-frame-pointer                     -Wall -Wextra                     -DSTM32F407xx -DUSE_HAL_DRIVER -DARM_MATH_CM4 -std=c11     -v -o CMakeFiles/cmTC_1c6c4.dir/CMakeCCompilerABI.c.obj   -c /usr/share/cmake-3.16/Modules/CMakeCCompilerABI.c]
  ignore line: [Using built-in specs.]
  ignore line: [COLLECT_GCC=/usr/local/gcc-arm-none-eabi/bin/arm-none-eabi-gcc]
  ignore line: [Target: arm-none-eabi]
  ignore line: [Configured with: /mnt/workspace/workspace/GCC-10-pipeline/jenkins-GCC-10-pipeline-48_20201124_1606180641/src/gcc/configure --target=arm-none-eabi --prefix=/mnt/workspace/workspace/GCC-10-pipeline/jenkins-GCC-10-pipeline-48_20201124_1606180641/install-native --libexecdir=/mnt/workspace/workspace/GCC-10-pipeline/jenkins-GCC-10-pipeline-48_20201124_1606180641/install-native/lib --infodir=/mnt/workspace/workspace/GCC-10-pipeline/jenkins-GCC-10-pipeline-48_20201124_1606180641/install-native/share/doc/gcc-arm-none-eabi/info --mandir=/mnt/workspace/workspace/GCC-10-pipeline/jenkins-GCC-10-pipeline-48_20201124_1606180641/install-native/share/doc/gcc-arm-none-eabi/man --htmldir=/mnt/workspace/workspace/GCC-10-pipeline/jenkins-GCC-10-pipeline-48_20201124_1606180641/install-native/share/doc/gcc-arm-none-eabi/html --pdfdir=/mnt/workspace/workspace/GCC-10-pipeline/jenkins-GCC-10-pipeline-48_20201124_1606180641/install-native/share/doc/gcc-arm-none-eabi/pdf --enable-languages=c,c++ --enable-plugins --disable-decimal-float --disable-libffi --disable-libgomp --disable-libmudflap --disable-libquadmath --disable-libssp --disable-libstdcxx-pch --disable-nls --disable-shared --disable-threads --disable-tls --with-gnu-as --with-gnu-ld --with-newlib --with-headers=yes --with-python-dir=share/gcc-arm-none-eabi --with-sysroot=/mnt/workspace/workspace/GCC-10-pipeline/jenkins-GCC-10-pipeline-48_20201124_1606180641/install-native/arm-none-eabi --build=x86_64-linux-gnu --host=x86_64-linux-gnu --with-gmp=/mnt/workspace/workspace/GCC-10-pipeline/jenkins-GCC-10-pipeline-48_20201124_1606180641/build-native/host-libs/usr --with-mpfr=/mnt/workspace/workspace/GCC-10-pipeline/jenkins-GCC-10-pipeline-48_20201124_1606180641/build-native/host-libs/usr --with-mpc=/mnt/workspace/workspace/GCC-10-pipeline/jenkins-GCC-10-pipeline-48_20201124_1606180641/build-native/host-libs/usr --with-isl=/mnt/workspace/workspace/GCC-10-pipeline/jenkins-GCC-10-pipeline-48_20201124_1606180641/build-native/host-libs/usr --with-libelf=/mnt/workspace/workspace/GCC-10-pipeline/jenkins-GCC-10-pipeline-48_20201124_1606180641/build-native/host-libs/usr --with-host-libstdcxx='-static-libgcc -Wl,-Bstatic,-lstdc++,-Bdynamic -lm' --with-pkgversion='GNU Arm Embedded Toolchain 10-2020-q4-major' --with-multilib-list=rmprofile,aprofile]
  ignore line: [Thread model: single]
  ignore line: [Supported LTO compression algorithms: zlib]
  ignore line: [gcc version 10.2.1 20201103 (release) (GNU Arm Embedded Toolchain 10-2020-q4-major) ]
  ignore line: [COLLECT_GCC_OPTIONS='-mthumb' '-mcpu=cortex-m4' '-mfloat-abi=hard' '-mfpu=fpv4-sp-d16' '-fsingle-precision-constant' '-fno-builtin' '-ffunction-sections' '-fdata-sections' '-fomit-frame-pointer' '-Wall' '-Wextra' '-D' 'STM32F407xx' '-D' 'USE_HAL_DRIVER' '-D' 'ARM_MATH_CM4' '-std=c11' '-v' '-o' 'CMakeFiles/cmTC_1c6c4.dir/CMakeCCompilerABI.c.obj' '-c' '-march=armv7e-m+fp']
  ignore line: [ /usr/local/gcc-arm-none-eabi/bin/../lib/gcc/arm-none-eabi/10.2.1/cc1 -quiet -v -imultilib thumb/v7e-m+fp/hard -iprefix /usr/local/gcc-arm-none-eabi/bin/../lib/gcc/arm-none-eabi/10.2.1/ -isysroot /usr/local/gcc-arm-none-eabi/bin/../arm-none-eabi -D__USES_INITFINI__ -D STM32F407xx -D USE_HAL_DRIVER -D ARM_MATH_CM4 /usr/share/cmake-3.16/Modules/CMakeCCompilerABI.c -quiet -dumpbase CMakeCCompilerABI.c -mthumb -mcpu=cortex-m4 -mfloat-abi=hard -mfpu=fpv4-sp-d16 -march=armv7e-m+fp -auxbase-strip CMakeFiles/cmTC_1c6c4.dir/CMakeCCompilerABI.c.obj -Wall -Wextra -std=c11 -version -fsingle-precision-constant -fno-builtin -ffunction-sections -fdata-sections -fomit-frame-pointer -o /tmp/ccJeyged.s]
  ignore line: [GNU C11 (GNU Arm Embedded Toolchain 10-2020-q4-major) version 10.2.1 20201103 (release) (arm-none-eabi)]
  ignore line: [	compiled by GNU C version 4.8.4  GMP version 6.1.0  MPFR version 3.1.4  MPC version 1.0.3  isl version isl-0.18-GMP]
  ignore line: []
  ignore line: [GGC heuristics: --param ggc-min-expand=100 --param ggc-min-heapsize=131072]
  ignore line: [ignoring duplicate directory "/usr/local/gcc-arm-none-eabi/bin/../lib/gcc/../../lib/gcc/arm-none-eabi/10.2.1/include"]
  ignore line: [ignoring nonexistent directory "/usr/local/gcc-arm-none-eabi/bin/../arm-none-eabi/usr/local/include"]
  ignore line: [ignoring duplicate directory "/usr/local/gcc-arm-none-eabi/bin/../lib/gcc/../../lib/gcc/arm-none-eabi/10.2.1/include-fixed"]
  ignore line: [ignoring duplicate directory "/usr/local/gcc-arm-none-eabi/bin/../lib/gcc/../../lib/gcc/arm-none-eabi/10.2.1/../../../../arm-none-eabi/include"]
  ignore line: [ignoring nonexistent directory "/usr/local/gcc-arm-none-eabi/bin/../arm-none-eabi/usr/include"]
  ignore line: [#include "..." search starts here:]
  ignore line: [#include <...> search starts here:]
  ignore line: [ /usr/local/gcc-arm-none-eabi/bin/../lib/gcc/arm-none-eabi/10.2.1/include]
  ignore line: [ /usr/local/gcc-arm-none-eabi/bin/../lib/gcc/arm-none-eabi/10.2.1/include-fixed]
  ignore line: [ /usr/local/gcc-arm-none-eabi/bin/../lib/gcc/arm-none-eabi/10.2.1/../../../../arm-none-eabi/include]
  ignore line: [End of search list.]
  ignore line: [GNU C11 (GNU Arm Embedded Toolchain 10-2020-q4-major) version 10.2.1 20201103 (release) (arm-none-eabi)]
  ignore line: [	compiled by GNU C version 4.8.4  GMP version 6.1.0  MPFR version 3.1.4  MPC version 1.0.3  isl version isl-0.18-GMP]
  ignore line: []
  ignore line: [GGC heuristics: --param ggc-min-expand=100 --param ggc-min-heapsize=131072]
  ignore line: [Compiler executable checksum: e9addb35ad3a920a846c18a834db924d]
  ignore line: [COLLECT_GCC_OPTIONS='-mthumb' '-mcpu=cortex-m4' '-mfloat-abi=hard' '-mfpu=fpv4-sp-d16' '-fsingle-precision-constant' '-fno-builtin' '-ffunction-sections' '-fdata-sections' '-fomit-frame-pointer' '-Wall' '-Wextra' '-D' 'STM32F407xx' '-D' 'USE_HAL_DRIVER' '-D' 'ARM_MATH_CM4' '-std=c11' '-v' '-o' 'CMakeFiles/cmTC_1c6c4.dir/CMakeCCompilerABI.c.obj' '-c' '-march=armv7e-m+fp']
  ignore line: [ /usr/local/gcc-arm-none-eabi/bin/../lib/gcc/arm-none-eabi/10.2.1/../../../../arm-none-eabi/bin/as -v -march=armv7e-m -mfloat-abi=hard -mfpu=fpv4-sp-d16 -meabi=5 -o CMakeFiles/cmTC_1c6c4.dir/CMakeCCompilerABI.c.obj /tmp/ccJeyged.s]
  ignore line: [GNU assembler version 2.35.1 (arm-none-eabi) using BFD version (GNU Arm Embedded Toolchain 10-2020-q4-major) 2.35.1.20201028]
  ignore line: [COMPILER_PATH=/usr/local/gcc-arm-none-eabi/bin/../lib/gcc/arm-none-eabi/10.2.1/:/usr/local/gcc-arm-none-eabi/bin/../lib/gcc/:/usr/local/gcc-arm-none-eabi/bin/../lib/gcc/arm-none-eabi/10.2.1/../../../../arm-none-eabi/bin/]
  ignore line: [LIBRARY_PATH=/usr/local/gcc-arm-none-eabi/bin/../lib/gcc/arm-none-eabi/10.2.1/thumb/v7e-m+fp/hard/:/usr/local/gcc-arm-none-eabi/bin/../lib/gcc/arm-none-eabi/10.2.1/../../../../arm-none-eabi/lib/thumb/v7e-m+fp/hard/:/usr/local/gcc-arm-none-eabi/bin/../arm-none-eabi/lib/thumb/v7e-m+fp/hard/:/usr/local/gcc-arm-none-eabi/bin/../lib/gcc/arm-none-eabi/10.2.1/:/usr/local/gcc-arm-none-eabi/bin/../lib/gcc/:/usr/local/gcc-arm-none-eabi/bin/../lib/gcc/arm-none-eabi/10.2.1/../../../../arm-none-eabi/lib/:/usr/local/gcc-arm-none-eabi/bin/../arm-none-eabi/lib/]
  ignore line: [COLLECT_GCC_OPTIONS='-mthumb' '-mcpu=cortex-m4' '-mfloat-abi=hard' '-mfpu=fpv4-sp-d16' '-fsingle-precision-constant' '-fno-builtin' '-ffunction-sections' '-fdata-sections' '-fomit-frame-pointer' '-Wall' '-Wextra' '-D' 'STM32F407xx' '-D' 'USE_HAL_DRIVER' '-D' 'ARM_MATH_CM4' '-std=c11' '-v' '-o' 'CMakeFiles/cmTC_1c6c4.dir/CMakeCCompilerABI.c.obj' '-c' '-march=armv7e-m+fp']
  ignore line: [Linking C static library libcmTC_1c6c4.a]
  ignore line: [/usr/bin/cmake -P CMakeFiles/cmTC_1c6c4.dir/cmake_clean_target.cmake]
  ignore line: [/usr/bin/cmake -E cmake_link_script CMakeFiles/cmTC_1c6c4.dir/link.txt --verbose=1]
  ignore line: [/usr/local/gcc-arm-none-eabi/bin/arm-none-eabi-ar qc libcmTC_1c6c4.a  CMakeFiles/cmTC_1c6c4.dir/CMakeCCompilerABI.c.obj]
  ignore line: [/usr/local/gcc-arm-none-eabi/bin/arm-none-eabi-ranlib libcmTC_1c6c4.a]
  ignore line: [make[1]: Leaving directory '/home/miya/workspace/test6/build/CMakeFiles/CMakeTmp']
  ignore line: []
  ignore line: []
  implicit libs: []
  implicit dirs: []
  implicit fwks: []


Determining if the CXX compiler works passed with the following output:
Change Dir: /home/miya/workspace/test6/build/CMakeFiles/CMakeTmp

Run Build Command(s):/usr/bin/make cmTC_d7972/fast && /usr/bin/make -f CMakeFiles/cmTC_d7972.dir/build.make CMakeFiles/cmTC_d7972.dir/build
make[1]: Entering directory '/home/miya/workspace/test6/build/CMakeFiles/CMakeTmp'
Building CXX object CMakeFiles/cmTC_d7972.dir/testCXXCompiler.cxx.obj
/usr/local/gcc-arm-none-eabi/bin/arm-none-eabi-g++    -mthumb -mcpu=cortex-m4 -mfloat-abi=hard -mfpu=fpv4-sp-d16                     -fsingle-precision-constant -fno-builtin -ffunction-sections -fdata-sections -fomit-frame-pointer                     -Wall -Wextra                     -DSTM32F407xx -DUSE_HAL_DRIVER -DARM_MATH_CM4 -std=c++14 -fno-use-cxa-atexit -fno-exceptions -fno-rtti    -o CMakeFiles/cmTC_d7972.dir/testCXXCompiler.cxx.obj -c /home/miya/workspace/test6/build/CMakeFiles/CMakeTmp/testCXXCompiler.cxx
Linking CXX static library libcmTC_d7972.a
/usr/bin/cmake -P CMakeFiles/cmTC_d7972.dir/cmake_clean_target.cmake
/usr/bin/cmake -E cmake_link_script CMakeFiles/cmTC_d7972.dir/link.txt --verbose=1
/usr/local/gcc-arm-none-eabi/bin/arm-none-eabi-ar qc libcmTC_d7972.a  CMakeFiles/cmTC_d7972.dir/testCXXCompiler.cxx.obj
/usr/local/gcc-arm-none-eabi/bin/arm-none-eabi-ranlib libcmTC_d7972.a
make[1]: Leaving directory '/home/miya/workspace/test6/build/CMakeFiles/CMakeTmp'



Detecting CXX compiler ABI info compiled with the following output:
Change Dir: /home/miya/workspace/test6/build/CMakeFiles/CMakeTmp

Run Build Command(s):/usr/bin/make cmTC_dd04f/fast && /usr/bin/make -f CMakeFiles/cmTC_dd04f.dir/build.make CMakeFiles/cmTC_dd04f.dir/build
make[1]: Entering directory '/home/miya/workspace/test6/build/CMakeFiles/CMakeTmp'
Building CXX object CMakeFiles/cmTC_dd04f.dir/CMakeCXXCompilerABI.cpp.obj
/usr/local/gcc-arm-none-eabi/bin/arm-none-eabi-g++    -mthumb -mcpu=cortex-m4 -mfloat-abi=hard -mfpu=fpv4-sp-d16                     -fsingle-precision-constant -fno-builtin -ffunction-sections -fdata-sections -fomit-frame-pointer                     -Wall -Wextra                     -DSTM32F407xx -DUSE_HAL_DRIVER -DARM_MATH_CM4 -std=c++14 -fno-use-cxa-atexit -fno-exceptions -fno-rtti    -v -o CMakeFiles/cmTC_dd04f.dir/CMakeCXXCompilerABI.cpp.obj -c /usr/share/cmake-3.16/Modules/CMakeCXXCompilerABI.cpp
Using built-in specs.
COLLECT_GCC=/usr/local/gcc-arm-none-eabi/bin/arm-none-eabi-g++
Target: arm-none-eabi
Configured with: /mnt/workspace/workspace/GCC-10-pipeline/jenkins-GCC-10-pipeline-48_20201124_1606180641/src/gcc/configure --target=arm-none-eabi --prefix=/mnt/workspace/workspace/GCC-10-pipeline/jenkins-GCC-10-pipeline-48_20201124_1606180641/install-native --libexecdir=/mnt/workspace/workspace/GCC-10-pipeline/jenkins-GCC-10-pipeline-48_20201124_1606180641/install-native/lib --infodir=/mnt/workspace/workspace/GCC-10-pipeline/jenkins-GCC-10-pipeline-48_20201124_1606180641/install-native/share/doc/gcc-arm-none-eabi/info --mandir=/mnt/workspace/workspace/GCC-10-pipeline/jenkins-GCC-10-pipeline-48_20201124_1606180641/install-native/share/doc/gcc-arm-none-eabi/man --htmldir=/mnt/workspace/workspace/GCC-10-pipeline/jenkins-GCC-10-pipeline-48_20201124_1606180641/install-native/share/doc/gcc-arm-none-eabi/html --pdfdir=/mnt/workspace/workspace/GCC-10-pipeline/jenkins-GCC-10-pipeline-48_20201124_1606180641/install-native/share/doc/gcc-arm-none-eabi/pdf --enable-languages=c,c++ --enable-plugins --disable-decimal-float --disable-libffi --disable-libgomp --disable-libmudflap --disable-libquadmath --disable-libssp --disable-libstdcxx-pch --disable-nls --disable-shared --disable-threads --disable-tls --with-gnu-as --with-gnu-ld --with-newlib --with-headers=yes --with-python-dir=share/gcc-arm-none-eabi --with-sysroot=/mnt/workspace/workspace/GCC-10-pipeline/jenkins-GCC-10-pipeline-48_20201124_1606180641/install-native/arm-none-eabi --build=x86_64-linux-gnu --host=x86_64-linux-gnu --with-gmp=/mnt/workspace/workspace/GCC-10-pipeline/jenkins-GCC-10-pipeline-48_20201124_1606180641/build-native/host-libs/usr --with-mpfr=/mnt/workspace/workspace/GCC-10-pipeline/jenkins-GCC-10-pipeline-48_20201124_1606180641/build-native/host-libs/usr --with-mpc=/mnt/workspace/workspace/GCC-10-pipeline/jenkins-GCC-10-pipeline-48_20201124_1606180641/build-native/host-libs/usr --with-isl=/mnt/workspace/workspace/GCC-10-pipeline/jenkins-GCC-10-pipeline-48_20201124_1606180641/build-native/host-libs/usr --with-libelf=/mnt/workspace/workspace/GCC-10-pipeline/jenkins-GCC-10-pipeline-48_20201124_1606180641/build-native/host-libs/usr --with-host-libstdcxx='-static-libgcc -Wl,-Bstatic,-lstdc++,-Bdynamic -lm' --with-pkgversion='GNU Arm Embedded Toolchain 10-2020-q4-major' --with-multilib-list=rmprofile,aprofile
Thread model: single
Supported LTO compression algorithms: zlib
gcc version 10.2.1 20201103 (release) (GNU Arm Embedded Toolchain 10-2020-q4-major) 
COLLECT_GCC_OPTIONS='-mthumb' '-mcpu=cortex-m4' '-mfloat-abi=hard' '-mfpu=fpv4-sp-d16' '-fsingle-precision-constant' '-fno-builtin' '-ffunction-sections' '-fdata-sections' '-fomit-frame-pointer' '-Wall' '-Wextra' '-D' 'STM32F407xx' '-D' 'USE_HAL_DRIVER' '-D' 'ARM_MATH_CM4' '-std=c++14' '-fno-use-cxa-atexit' '-fno-exceptions' '-fno-rtti' '-v' '-o' 'CMakeFiles/cmTC_dd04f.dir/CMakeCXXCompilerABI.cpp.obj' '-c' '-march=armv7e-m+fp'
 /usr/local/gcc-arm-none-eabi/bin/../lib/gcc/arm-none-eabi/10.2.1/cc1plus -quiet -v -imultilib thumb/v7e-m+fp/hard -iprefix /usr/local/gcc-arm-none-eabi/bin/../lib/gcc/arm-none-eabi/10.2.1/ -isysroot /usr/local/gcc-arm-none-eabi/bin/../arm-none-eabi -D__USES_INITFINI__ -D STM32F407xx -D USE_HAL_DRIVER -D ARM_MATH_CM4 /usr/share/cmake-3.16/Modules/CMakeCXXCompilerABI.cpp -quiet -dumpbase CMakeCXXCompilerABI.cpp -mthumb -mcpu=cortex-m4 -mfloat-abi=hard -mfpu=fpv4-sp-d16 -march=armv7e-m+fp -auxbase-strip CMakeFiles/cmTC_dd04f.dir/CMakeCXXCompilerABI.cpp.obj -Wall -Wextra -std=c++14 -version -fsingle-precision-constant -fno-builtin -ffunction-sections -fdata-sections -fomit-frame-pointer -fno-use-cxa-atexit -fno-exceptions -fno-rtti -o /tmp/cc0mpz2i.s
GNU C++14 (GNU Arm Embedded Toolchain 10-2020-q4-major) version 10.2.1 20201103 (release) (arm-none-eabi)
	compiled by GNU C version 4.8.4, GMP version 6.1.0, MPFR version 3.1.4, MPC version 1.0.3, isl version isl-0.18-GMP

GGC heuristics: --param ggc-min-expand=100 --param ggc-min-heapsize=131072
ignoring duplicate directory "/usr/local/gcc-arm-none-eabi/bin/../lib/gcc/../../lib/gcc/arm-none-eabi/10.2.1/../../../../arm-none-eabi/include/c++/10.2.1"
ignoring duplicate directory "/usr/local/gcc-arm-none-eabi/bin/../lib/gcc/../../lib/gcc/arm-none-eabi/10.2.1/../../../../arm-none-eabi/include/c++/10.2.1/arm-none-eabi/thumb/v7e-m+fp/hard"
ignoring duplicate directory "/usr/local/gcc-arm-none-eabi/bin/../lib/gcc/../../lib/gcc/arm-none-eabi/10.2.1/../../../../arm-none-eabi/include/c++/10.2.1/backward"
ignoring duplicate directory "/usr/local/gcc-arm-none-eabi/bin/../lib/gcc/../../lib/gcc/arm-none-eabi/10.2.1/include"
ignoring nonexistent directory "/usr/local/gcc-arm-none-eabi/bin/../arm-none-eabi/usr/local/include"
ignoring duplicate directory "/usr/local/gcc-arm-none-eabi/bin/../lib/gcc/../../lib/gcc/arm-none-eabi/10.2.1/include-fixed"
ignoring duplicate directory "/usr/local/gcc-arm-none-eabi/bin/../lib/gcc/../../lib/gcc/arm-none-eabi/10.2.1/../../../../arm-none-eabi/include"
ignoring nonexistent directory "/usr/local/gcc-arm-none-eabi/bin/../arm-none-eabi/usr/include"
#include "..." search starts here:
#include <...> search starts here:
 /usr/local/gcc-arm-none-eabi/bin/../lib/gcc/arm-none-eabi/10.2.1/../../../../arm-none-eabi/include/c++/10.2.1
 /usr/local/gcc-arm-none-eabi/bin/../lib/gcc/arm-none-eabi/10.2.1/../../../../arm-none-eabi/include/c++/10.2.1/arm-none-eabi/thumb/v7e-m+fp/hard
 /usr/local/gcc-arm-none-eabi/bin/../lib/gcc/arm-none-eabi/10.2.1/../../../../arm-none-eabi/include/c++/10.2.1/backward
 /usr/local/gcc-arm-none-eabi/bin/../lib/gcc/arm-none-eabi/10.2.1/include
 /usr/local/gcc-arm-none-eabi/bin/../lib/gcc/arm-none-eabi/10.2.1/include-fixed
 /usr/local/gcc-arm-none-eabi/bin/../lib/gcc/arm-none-eabi/10.2.1/../../../../arm-none-eabi/include
End of search list.
GNU C++14 (GNU Arm Embedded Toolchain 10-2020-q4-major) version 10.2.1 20201103 (release) (arm-none-eabi)
	compiled by GNU C version 4.8.4, GMP version 6.1.0, MPFR version 3.1.4, MPC version 1.0.3, isl version isl-0.18-GMP

GGC heuristics: --param ggc-min-expand=100 --param ggc-min-heapsize=131072
Compiler executable checksum: effb756e1d805224f46b940f18552208
COLLECT_GCC_OPTIONS='-mthumb' '-mcpu=cortex-m4' '-mfloat-abi=hard' '-mfpu=fpv4-sp-d16' '-fsingle-precision-constant' '-fno-builtin' '-ffunction-sections' '-fdata-sections' '-fomit-frame-pointer' '-Wall' '-Wextra' '-D' 'STM32F407xx' '-D' 'USE_HAL_DRIVER' '-D' 'ARM_MATH_CM4' '-std=c++14' '-fno-use-cxa-atexit' '-fno-exceptions' '-fno-rtti' '-v' '-o' 'CMakeFiles/cmTC_dd04f.dir/CMakeCXXCompilerABI.cpp.obj' '-c' '-march=armv7e-m+fp'
 /usr/local/gcc-arm-none-eabi/bin/../lib/gcc/arm-none-eabi/10.2.1/../../../../arm-none-eabi/bin/as -v -march=armv7e-m -mfloat-abi=hard -mfpu=fpv4-sp-d16 -meabi=5 -o CMakeFiles/cmTC_dd04f.dir/CMakeCXXCompilerABI.cpp.obj /tmp/cc0mpz2i.s
GNU assembler version 2.35.1 (arm-none-eabi) using BFD version (GNU Arm Embedded Toolchain 10-2020-q4-major) 2.35.1.20201028
COMPILER_PATH=/usr/local/gcc-arm-none-eabi/bin/../lib/gcc/arm-none-eabi/10.2.1/:/usr/local/gcc-arm-none-eabi/bin/../lib/gcc/:/usr/local/gcc-arm-none-eabi/bin/../lib/gcc/arm-none-eabi/10.2.1/../../../../arm-none-eabi/bin/
LIBRARY_PATH=/usr/local/gcc-arm-none-eabi/bin/../lib/gcc/arm-none-eabi/10.2.1/thumb/v7e-m+fp/hard/:/usr/local/gcc-arm-none-eabi/bin/../lib/gcc/arm-none-eabi/10.2.1/../../../../arm-none-eabi/lib/thumb/v7e-m+fp/hard/:/usr/local/gcc-arm-none-eabi/bin/../arm-none-eabi/lib/thumb/v7e-m+fp/hard/:/usr/local/gcc-arm-none-eabi/bin/../lib/gcc/arm-none-eabi/10.2.1/:/usr/local/gcc-arm-none-eabi/bin/../lib/gcc/:/usr/local/gcc-arm-none-eabi/bin/../lib/gcc/arm-none-eabi/10.2.1/../../../../arm-none-eabi/lib/:/usr/local/gcc-arm-none-eabi/bin/../arm-none-eabi/lib/
COLLECT_GCC_OPTIONS='-mthumb' '-mcpu=cortex-m4' '-mfloat-abi=hard' '-mfpu=fpv4-sp-d16' '-fsingle-precision-constant' '-fno-builtin' '-ffunction-sections' '-fdata-sections' '-fomit-frame-pointer' '-Wall' '-Wextra' '-D' 'STM32F407xx' '-D' 'USE_HAL_DRIVER' '-D' 'ARM_MATH_CM4' '-std=c++14' '-fno-use-cxa-atexit' '-fno-exceptions' '-fno-rtti' '-v' '-o' 'CMakeFiles/cmTC_dd04f.dir/CMakeCXXCompilerABI.cpp.obj' '-c' '-march=armv7e-m+fp'
Linking CXX static library libcmTC_dd04f.a
/usr/bin/cmake -P CMakeFiles/cmTC_dd04f.dir/cmake_clean_target.cmake
/usr/bin/cmake -E cmake_link_script CMakeFiles/cmTC_dd04f.dir/link.txt --verbose=1
/usr/local/gcc-arm-none-eabi/bin/arm-none-eabi-ar qc libcmTC_dd04f.a  CMakeFiles/cmTC_dd04f.dir/CMakeCXXCompilerABI.cpp.obj
/usr/local/gcc-arm-none-eabi/bin/arm-none-eabi-ranlib libcmTC_dd04f.a
make[1]: Leaving directory '/home/miya/workspace/test6/build/CMakeFiles/CMakeTmp'



Parsed CXX implicit include dir info from above output: rv=done
  found start of include info
  found start of implicit include info
    add: [/usr/local/gcc-arm-none-eabi/bin/../lib/gcc/arm-none-eabi/10.2.1/../../../../arm-none-eabi/include/c++/10.2.1]
    add: [/usr/local/gcc-arm-none-eabi/bin/../lib/gcc/arm-none-eabi/10.2.1/../../../../arm-none-eabi/include/c++/10.2.1/arm-none-eabi/thumb/v7e-m+fp/hard]
    add: [/usr/local/gcc-arm-none-eabi/bin/../lib/gcc/arm-none-eabi/10.2.1/../../../../arm-none-eabi/include/c++/10.2.1/backward]
    add: [/usr/local/gcc-arm-none-eabi/bin/../lib/gcc/arm-none-eabi/10.2.1/include]
    add: [/usr/local/gcc-arm-none-eabi/bin/../lib/gcc/arm-none-eabi/10.2.1/include-fixed]
    add: [/usr/local/gcc-arm-none-eabi/bin/../lib/gcc/arm-none-eabi/10.2.1/../../../../arm-none-eabi/include]
  end of search list found
  collapse include dir [/usr/local/gcc-arm-none-eabi/bin/../lib/gcc/arm-none-eabi/10.2.1/../../../../arm-none-eabi/include/c++/10.2.1] ==> [/usr/local/gcc-arm-none-eabi/arm-none-eabi/include/c++/10.2.1]
  collapse include dir [/usr/local/gcc-arm-none-eabi/bin/../lib/gcc/arm-none-eabi/10.2.1/../../../../arm-none-eabi/include/c++/10.2.1/arm-none-eabi/thumb/v7e-m+fp/hard] ==> [/usr/local/gcc-arm-none-eabi/arm-none-eabi/include/c++/10.2.1/arm-none-eabi/thumb/v7e-m+fp/hard]
  collapse include dir [/usr/local/gcc-arm-none-eabi/bin/../lib/gcc/arm-none-eabi/10.2.1/../../../../arm-none-eabi/include/c++/10.2.1/backward] ==> [/usr/local/gcc-arm-none-eabi/arm-none-eabi/include/c++/10.2.1/backward]
  collapse include dir [/usr/local/gcc-arm-none-eabi/bin/../lib/gcc/arm-none-eabi/10.2.1/include] ==> [/usr/local/gcc-arm-none-eabi/lib/gcc/arm-none-eabi/10.2.1/include]
  collapse include dir [/usr/local/gcc-arm-none-eabi/bin/../lib/gcc/arm-none-eabi/10.2.1/include-fixed] ==> [/usr/local/gcc-arm-none-eabi/lib/gcc/arm-none-eabi/10.2.1/include-fixed]
  collapse include dir [/usr/local/gcc-arm-none-eabi/bin/../lib/gcc/arm-none-eabi/10.2.1/../../../../arm-none-eabi/include] ==> [/usr/local/gcc-arm-none-eabi/arm-none-eabi/include]
  implicit include dirs: [/usr/local/gcc-arm-none-eabi/arm-none-eabi/include/c++/10.2.1;/usr/local/gcc-arm-none-eabi/arm-none-eabi/include/c++/10.2.1/arm-none-eabi/thumb/v7e-m+fp/hard;/usr/local/gcc-arm-none-eabi/arm-none-eabi/include/c++/10.2.1/backward;/usr/local/gcc-arm-none-eabi/lib/gcc/arm-none-eabi/10.2.1/include;/usr/local/gcc-arm-none-eabi/lib/gcc/arm-none-eabi/10.2.1/include-fixed;/usr/local/gcc-arm-none-eabi/arm-none-eabi/include]


Parsed CXX implicit link information from above output:
  link line regex: [^( *|.*[/\])(arm-none-eabi-ld|CMAKE_LINK_STARTFILE-NOTFOUND|([^/\]+-)?ld|collect2)[^/\]*( |$)]
  ignore line: [Change Dir: /home/miya/workspace/test6/build/CMakeFiles/CMakeTmp]
  ignore line: []
  ignore line: [Run Build Command(s):/usr/bin/make cmTC_dd04f/fast && /usr/bin/make -f CMakeFiles/cmTC_dd04f.dir/build.make CMakeFiles/cmTC_dd04f.dir/build]
  ignore line: [make[1]: Entering directory '/home/miya/workspace/test6/build/CMakeFiles/CMakeTmp']
  ignore line: [Building CXX object CMakeFiles/cmTC_dd04f.dir/CMakeCXXCompilerABI.cpp.obj]
  ignore line: [/usr/local/gcc-arm-none-eabi/bin/arm-none-eabi-g++    -mthumb -mcpu=cortex-m4 -mfloat-abi=hard -mfpu=fpv4-sp-d16                     -fsingle-precision-constant -fno-builtin -ffunction-sections -fdata-sections -fomit-frame-pointer                     -Wall -Wextra                     -DSTM32F407xx -DUSE_HAL_DRIVER -DARM_MATH_CM4 -std=c++14 -fno-use-cxa-atexit -fno-exceptions -fno-rtti    -v -o CMakeFiles/cmTC_dd04f.dir/CMakeCXXCompilerABI.cpp.obj -c /usr/share/cmake-3.16/Modules/CMakeCXXCompilerABI.cpp]
  ignore line: [Using built-in specs.]
  ignore line: [COLLECT_GCC=/usr/local/gcc-arm-none-eabi/bin/arm-none-eabi-g++]
  ignore line: [Target: arm-none-eabi]
  ignore line: [Configured with: /mnt/workspace/workspace/GCC-10-pipeline/jenkins-GCC-10-pipeline-48_20201124_1606180641/src/gcc/configure --target=arm-none-eabi --prefix=/mnt/workspace/workspace/GCC-10-pipeline/jenkins-GCC-10-pipeline-48_20201124_1606180641/install-native --libexecdir=/mnt/workspace/workspace/GCC-10-pipeline/jenkins-GCC-10-pipeline-48_20201124_1606180641/install-native/lib --infodir=/mnt/workspace/workspace/GCC-10-pipeline/jenkins-GCC-10-pipeline-48_20201124_1606180641/install-native/share/doc/gcc-arm-none-eabi/info --mandir=/mnt/workspace/workspace/GCC-10-pipeline/jenkins-GCC-10-pipeline-48_20201124_1606180641/install-native/share/doc/gcc-arm-none-eabi/man --htmldir=/mnt/workspace/workspace/GCC-10-pipeline/jenkins-GCC-10-pipeline-48_20201124_1606180641/install-native/share/doc/gcc-arm-none-eabi/html --pdfdir=/mnt/workspace/workspace/GCC-10-pipeline/jenkins-GCC-10-pipeline-48_20201124_1606180641/install-native/share/doc/gcc-arm-none-eabi/pdf --enable-languages=c,c++ --enable-plugins --disable-decimal-float --disable-libffi --disable-libgomp --disable-libmudflap --disable-libquadmath --disable-libssp --disable-libstdcxx-pch --disable-nls --disable-shared --disable-threads --disable-tls --with-gnu-as --with-gnu-ld --with-newlib --with-headers=yes --with-python-dir=share/gcc-arm-none-eabi --with-sysroot=/mnt/workspace/workspace/GCC-10-pipeline/jenkins-GCC-10-pipeline-48_20201124_1606180641/install-native/arm-none-eabi --build=x86_64-linux-gnu --host=x86_64-linux-gnu --with-gmp=/mnt/workspace/workspace/GCC-10-pipeline/jenkins-GCC-10-pipeline-48_20201124_1606180641/build-native/host-libs/usr --with-mpfr=/mnt/workspace/workspace/GCC-10-pipeline/jenkins-GCC-10-pipeline-48_20201124_1606180641/build-native/host-libs/usr --with-mpc=/mnt/workspace/workspace/GCC-10-pipeline/jenkins-GCC-10-pipeline-48_20201124_1606180641/build-native/host-libs/usr --with-isl=/mnt/workspace/workspace/GCC-10-pipeline/jenkins-GCC-10-pipeline-48_20201124_1606180641/build-native/host-libs/usr --with-libelf=/mnt/workspace/workspace/GCC-10-pipeline/jenkins-GCC-10-pipeline-48_20201124_1606180641/build-native/host-libs/usr --with-host-libstdcxx='-static-libgcc -Wl,-Bstatic,-lstdc++,-Bdynamic -lm' --with-pkgversion='GNU Arm Embedded Toolchain 10-2020-q4-major' --with-multilib-list=rmprofile,aprofile]
  ignore line: [Thread model: single]
  ignore line: [Supported LTO compression algorithms: zlib]
  ignore line: [gcc version 10.2.1 20201103 (release) (GNU Arm Embedded Toolchain 10-2020-q4-major) ]
  ignore line: [COLLECT_GCC_OPTIONS='-mthumb' '-mcpu=cortex-m4' '-mfloat-abi=hard' '-mfpu=fpv4-sp-d16' '-fsingle-precision-constant' '-fno-builtin' '-ffunction-sections' '-fdata-sections' '-fomit-frame-pointer' '-Wall' '-Wextra' '-D' 'STM32F407xx' '-D' 'USE_HAL_DRIVER' '-D' 'ARM_MATH_CM4' '-std=c++14' '-fno-use-cxa-atexit' '-fno-exceptions' '-fno-rtti' '-v' '-o' 'CMakeFiles/cmTC_dd04f.dir/CMakeCXXCompilerABI.cpp.obj' '-c' '-march=armv7e-m+fp']
  ignore line: [ /usr/local/gcc-arm-none-eabi/bin/../lib/gcc/arm-none-eabi/10.2.1/cc1plus -quiet -v -imultilib thumb/v7e-m+fp/hard -iprefix /usr/local/gcc-arm-none-eabi/bin/../lib/gcc/arm-none-eabi/10.2.1/ -isysroot /usr/local/gcc-arm-none-eabi/bin/../arm-none-eabi -D__USES_INITFINI__ -D STM32F407xx -D USE_HAL_DRIVER -D ARM_MATH_CM4 /usr/share/cmake-3.16/Modules/CMakeCXXCompilerABI.cpp -quiet -dumpbase CMakeCXXCompilerABI.cpp -mthumb -mcpu=cortex-m4 -mfloat-abi=hard -mfpu=fpv4-sp-d16 -march=armv7e-m+fp -auxbase-strip CMakeFiles/cmTC_dd04f.dir/CMakeCXXCompilerABI.cpp.obj -Wall -Wextra -std=c++14 -version -fsingle-precision-constant -fno-builtin -ffunction-sections -fdata-sections -fomit-frame-pointer -fno-use-cxa-atexit -fno-exceptions -fno-rtti -o /tmp/cc0mpz2i.s]
  ignore line: [GNU C++14 (GNU Arm Embedded Toolchain 10-2020-q4-major) version 10.2.1 20201103 (release) (arm-none-eabi)]
  ignore line: [	compiled by GNU C version 4.8.4  GMP version 6.1.0  MPFR version 3.1.4  MPC version 1.0.3  isl version isl-0.18-GMP]
  ignore line: []
  ignore line: [GGC heuristics: --param ggc-min-expand=100 --param ggc-min-heapsize=131072]
  ignore line: [ignoring duplicate directory "/usr/local/gcc-arm-none-eabi/bin/../lib/gcc/../../lib/gcc/arm-none-eabi/10.2.1/../../../../arm-none-eabi/include/c++/10.2.1"]
  ignore line: [ignoring duplicate directory "/usr/local/gcc-arm-none-eabi/bin/../lib/gcc/../../lib/gcc/arm-none-eabi/10.2.1/../../../../arm-none-eabi/include/c++/10.2.1/arm-none-eabi/thumb/v7e-m+fp/hard"]
  ignore line: [ignoring duplicate directory "/usr/local/gcc-arm-none-eabi/bin/../lib/gcc/../../lib/gcc/arm-none-eabi/10.2.1/../../../../arm-none-eabi/include/c++/10.2.1/backward"]
  ignore line: [ignoring duplicate directory "/usr/local/gcc-arm-none-eabi/bin/../lib/gcc/../../lib/gcc/arm-none-eabi/10.2.1/include"]
  ignore line: [ignoring nonexistent directory "/usr/local/gcc-arm-none-eabi/bin/../arm-none-eabi/usr/local/include"]
  ignore line: [ignoring duplicate directory "/usr/local/gcc-arm-none-eabi/bin/../lib/gcc/../../lib/gcc/arm-none-eabi/10.2.1/include-fixed"]
  ignore line: [ignoring duplicate directory "/usr/local/gcc-arm-none-eabi/bin/../lib/gcc/../../lib/gcc/arm-none-eabi/10.2.1/../../../../arm-none-eabi/include"]
  ignore line: [ignoring nonexistent directory "/usr/local/gcc-arm-none-eabi/bin/../arm-none-eabi/usr/include"]
  ignore line: [#include "..." search starts here:]
  ignore line: [#include <...> search starts here:]
  ignore line: [ /usr/local/gcc-arm-none-eabi/bin/../lib/gcc/arm-none-eabi/10.2.1/../../../../arm-none-eabi/include/c++/10.2.1]
  ignore line: [ /usr/local/gcc-arm-none-eabi/bin/../lib/gcc/arm-none-eabi/10.2.1/../../../../arm-none-eabi/include/c++/10.2.1/arm-none-eabi/thumb/v7e-m+fp/hard]
  ignore line: [ /usr/local/gcc-arm-none-eabi/bin/../lib/gcc/arm-none-eabi/10.2.1/../../../../arm-none-eabi/include/c++/10.2.1/backward]
  ignore line: [ /usr/local/gcc-arm-none-eabi/bin/../lib/gcc/arm-none-eabi/10.2.1/include]
  ignore line: [ /usr/local/gcc-arm-none-eabi/bin/../lib/gcc/arm-none-eabi/10.2.1/include-fixed]
  ignore line: [ /usr/local/gcc-arm-none-eabi/bin/../lib/gcc/arm-none-eabi/10.2.1/../../../../arm-none-eabi/include]
  ignore line: [End of search list.]
  ignore line: [GNU C++14 (GNU Arm Embedded Toolchain 10-2020-q4-major) version 10.2.1 20201103 (release) (arm-none-eabi)]
  ignore line: [	compiled by GNU C version 4.8.4  GMP version 6.1.0  MPFR version 3.1.4  MPC version 1.0.3  isl version isl-0.18-GMP]
  ignore line: []
  ignore line: [GGC heuristics: --param ggc-min-expand=100 --param ggc-min-heapsize=131072]
  ignore line: [Compiler executable checksum: effb756e1d805224f46b940f18552208]
  ignore line: [COLLECT_GCC_OPTIONS='-mthumb' '-mcpu=cortex-m4' '-mfloat-abi=hard' '-mfpu=fpv4-sp-d16' '-fsingle-precision-constant' '-fno-builtin' '-ffunction-sections' '-fdata-sections' '-fomit-frame-pointer' '-Wall' '-Wextra' '-D' 'STM32F407xx' '-D' 'USE_HAL_DRIVER' '-D' 'ARM_MATH_CM4' '-std=c++14' '-fno-use-cxa-atexit' '-fno-exceptions' '-fno-rtti' '-v' '-o' 'CMakeFiles/cmTC_dd04f.dir/CMakeCXXCompilerABI.cpp.obj' '-c' '-march=armv7e-m+fp']
  ignore line: [ /usr/local/gcc-arm-none-eabi/bin/../lib/gcc/arm-none-eabi/10.2.1/../../../../arm-none-eabi/bin/as -v -march=armv7e-m -mfloat-abi=hard -mfpu=fpv4-sp-d16 -meabi=5 -o CMakeFiles/cmTC_dd04f.dir/CMakeCXXCompilerABI.cpp.obj /tmp/cc0mpz2i.s]
  ignore line: [GNU assembler version 2.35.1 (arm-none-eabi) using BFD version (GNU Arm Embedded Toolchain 10-2020-q4-major) 2.35.1.20201028]
  ignore line: [COMPILER_PATH=/usr/local/gcc-arm-none-eabi/bin/../lib/gcc/arm-none-eabi/10.2.1/:/usr/local/gcc-arm-none-eabi/bin/../lib/gcc/:/usr/local/gcc-arm-none-eabi/bin/../lib/gcc/arm-none-eabi/10.2.1/../../../../arm-none-eabi/bin/]
  ignore line: [LIBRARY_PATH=/usr/local/gcc-arm-none-eabi/bin/../lib/gcc/arm-none-eabi/10.2.1/thumb/v7e-m+fp/hard/:/usr/local/gcc-arm-none-eabi/bin/../lib/gcc/arm-none-eabi/10.2.1/../../../../arm-none-eabi/lib/thumb/v7e-m+fp/hard/:/usr/local/gcc-arm-none-eabi/bin/../arm-none-eabi/lib/thumb/v7e-m+fp/hard/:/usr/local/gcc-arm-none-eabi/bin/../lib/gcc/arm-none-eabi/10.2.1/:/usr/local/gcc-arm-none-eabi/bin/../lib/gcc/:/usr/local/gcc-arm-none-eabi/bin/../lib/gcc/arm-none-eabi/10.2.1/../../../../arm-none-eabi/lib/:/usr/local/gcc-arm-none-eabi/bin/../arm-none-eabi/lib/]
  ignore line: [COLLECT_GCC_OPTIONS='-mthumb' '-mcpu=cortex-m4' '-mfloat-abi=hard' '-mfpu=fpv4-sp-d16' '-fsingle-precision-constant' '-fno-builtin' '-ffunction-sections' '-fdata-sections' '-fomit-frame-pointer' '-Wall' '-Wextra' '-D' 'STM32F407xx' '-D' 'USE_HAL_DRIVER' '-D' 'ARM_MATH_CM4' '-std=c++14' '-fno-use-cxa-atexit' '-fno-exceptions' '-fno-rtti' '-v' '-o' 'CMakeFiles/cmTC_dd04f.dir/CMakeCXXCompilerABI.cpp.obj' '-c' '-march=armv7e-m+fp']
  ignore line: [Linking CXX static library libcmTC_dd04f.a]
  ignore line: [/usr/bin/cmake -P CMakeFiles/cmTC_dd04f.dir/cmake_clean_target.cmake]
  ignore line: [/usr/bin/cmake -E cmake_link_script CMakeFiles/cmTC_dd04f.dir/link.txt --verbose=1]
  ignore line: [/usr/local/gcc-arm-none-eabi/bin/arm-none-eabi-ar qc libcmTC_dd04f.a  CMakeFiles/cmTC_dd04f.dir/CMakeCXXCompilerABI.cpp.obj]
  ignore line: [/usr/local/gcc-arm-none-eabi/bin/arm-none-eabi-ranlib libcmTC_dd04f.a]
  ignore line: [make[1]: Leaving directory '/home/miya/workspace/test6/build/CMakeFiles/CMakeTmp']
  ignore line: []
  ignore line: []
  implicit libs: []
  implicit dirs: []
  implicit fwks: []


